<?xml version="1.0" encoding="UTF-8"?>
<!-- Generated by org.testng.reporters.JUnitXMLReporter -->
<testsuite ignored="0" hostname="PC" failures="0" tests="4" name="Test" time="19.824" errors="0" timestamp="2022-03-01T01:29:04 IST">
  <testcase classname="com.webautomation.tests.LoginPageTests" name="test1" time="6.496"/>
  <testcase classname="com.webautomation.tests.LoginPageTests" name="test2" time="6.564"/>
  <testcase classname="com.webautomation.tests.HomePageTests" name="test3" time="6.608"/>
  <testcase classname="com.webautomation.tests.HomePageTests" name="test4" time="6.589"/>
</testsuite> <!-- Test -->
